<?xml version="1.0" encoding="UTF-8"?>
<testsuite xmlns:xsi="http://www.w3.org/2001/XMLSchema-instance" xsi:noNamespaceSchemaLocation="https://maven.apache.org/surefire/maven-surefire-plugin/xsd/surefire-test-report.xsd" version="3.0.2" name="edu.unlam.example.pokemonapi.PokemonapiApplicationTests" time="1.731" tests="1" errors="0" skipped="0" failures="0">
  <properties>
[...]
</properties>
  <testcase name="contextLoads" classname="edu.unlam.example.pokemonapi.PokemonapiApplicationTests" time="0.502">
    <system-out><![CDATA[12:11:45.608 [main] INFO org.springframework.test.context.support.AnnotationConfigContextLoaderUtils -- Could not detect default configuration classes for test class [edu.unlam.example.pokemonapi.PokemonapiApplicationTests]: PokemonapiApplicationTests does not declare any static, non-private, non-final, nested classes annotated with @Configuration.
12:11:45.682 [main] INFO org.springframework.boot.test.context.SpringBootTestContextBootstrapper -- Found @SpringBootConfiguration edu.unlam.example.pokemonapi.PokemonapiApplication for test class edu.unlam.example.pokemonapi.PokemonapiApplicationTests

  .   ____          _            __ _ _
 /\\ / ___'_ __ _ _(_)_ __  __ _ \ \ \ \
( ( )\___ | '_ | '_| | '_ \/ _` | \ \ \ \
 \\/  ___)| |_)| | | | | || (_| |  ) ) ) )
  '  |____| .__|_| |_|_| |_\__, | / / / /
 =========|_|==============|___/=/_/_/_/

 :: Spring Boot ::                (v3.4.4)

2025-04-10T12:11:45.963-03:00  INFO 18136 --- [pokemonapi] [           main] e.u.e.p.PokemonapiApplicationTests       : Starting PokemonapiApplicationTests using Java 21.0.6 with PID 18136 (started by July in C:\Users\July\Documents\Facultad\TPI\pokemonapi)
2025-04-10T12:11:45.964-03:00  INFO 18136 --- [pokemonapi] [           main] e.u.e.p.PokemonapiApplicationTests       : No active profile set, falling back to 1 default profile: "default"
2025-04-10T12:11:46.730-03:00  INFO 18136 --- [pokemonapi] [           main] e.u.e.p.PokemonapiApplicationTests       : Started PokemonapiApplicationTests in 0.943 seconds (process running for 1.567)
]]></system-out>
    <system-err><![CDATA[Mockito is currently self-attaching to enable the inline-mock-maker. This will no longer work in future releases of the JDK. Please add Mockito as an agent to your build what is described in Mockito's documentation: https://javadoc.io/doc/org.mockito/mockito-core/latest/org/mockito/Mockito.html#0.3
WARNING: A Java agent has been loaded dynamically (C:\Users\July\.m2\repository\net\bytebuddy\byte-buddy-agent\1.15.11\byte-buddy-agent-1.15.11.jar)
WARNING: If a serviceability tool is in use, please run with -XX:+EnableDynamicAgentLoading to hide this warning
WARNING: If a serviceability tool is not in use, please run with -Djdk.instrument.traceUsage for more information
WARNING: Dynamic loading of agents will be disallowed by default in a future release
]]></system-err>
  </testcase>
</testsuite>